e:\code\project\rpggame\rpggame\debug\rpggame.pch
e:\code\project\rpggame\rpggame\debug\vc142.pdb
e:\code\project\rpggame\rpggame\debug\vc142.idb
e:\code\project\rpggame\rpggame\debug\precompile.obj
e:\code\project\rpggame\rpggame\debug\tilemap.obj
e:\code\project\rpggame\rpggame\debug\tile.obj
e:\code\project\rpggame\rpggame\debug\state.obj
e:\code\project\rpggame\rpggame\debug\settingstate.obj
e:\code\project\rpggame\rpggame\debug\player.obj
e:\code\project\rpggame\rpggame\debug\pausemenu.obj
e:\code\project\rpggame\rpggame\debug\movementcomponent.obj
e:\code\project\rpggame\rpggame\debug\mainmenustate.obj
e:\code\project\rpggame\rpggame\debug\hitboxcomponent.obj
e:\code\project\rpggame\rpggame\debug\gamestate.obj
e:\code\project\rpggame\rpggame\debug\game.obj
e:\code\project\rpggame\rpggame\debug\entity.obj
e:\code\project\rpggame\rpggame\debug\editorstate.obj
e:\code\project\rpggame\rpggame\debug\dropdownlist.obj
e:\code\project\rpggame\rpggame\debug\button.obj
e:\code\project\rpggame\rpggame\debug\animationcomponent.obj
e:\code\project\rpggame\rpggame\debug\animation.obj
e:\code\project\rpggame\rpggame\debug\main.obj
e:\code\project\rpggame\debug\rpggame.exe
e:\code\project\rpggame\debug\rpggame.ilk
e:\code\project\rpggame\debug\rpggame.pdb
e:\code\project\rpggame\rpggame\debug\rpggame.tlog\cl.command.1.tlog
e:\code\project\rpggame\rpggame\debug\rpggame.tlog\cl.read.1.tlog
e:\code\project\rpggame\rpggame\debug\rpggame.tlog\cl.write.1.tlog
e:\code\project\rpggame\rpggame\debug\rpggame.tlog\link.command.1.tlog
e:\code\project\rpggame\rpggame\debug\rpggame.tlog\link.read.1.tlog
e:\code\project\rpggame\rpggame\debug\rpggame.tlog\link.write.1.tlog
